[INFO] Scanning for projects...
[INFO] 
[INFO] ---------------< com.tripdelay:delay-management-backend >---------------
[INFO] Building delay-management-backend 0.0.1-SNAPSHOT
[INFO]   from pom.xml
[INFO] --------------------------------[ jar ]---------------------------------
[INFO] 
[INFO] >>> spring-boot:3.5.6:run (default-cli) > test-compile @ delay-management-backend >>>
[INFO] 
[INFO] --- resources:3.3.1:resources (default-resources) @ delay-management-backend ---
[INFO] Copying 1 resource from src/main/resources to target/classes
[INFO] Copying 11 resources from src/main/resources to target/classes
[INFO] 
[INFO] --- compiler:3.14.0:compile (default-compile) @ delay-management-backend ---
[INFO] Nothing to compile - all classes are up to date.
[INFO] 
[INFO] --- resources:3.3.1:testResources (default-testResources) @ delay-management-backend ---
[INFO] skip non existing resourceDirectory /home/umarly-poeta/projects/HackYeah_2025/backend_serwer/passTheLine/src/test/resources
[INFO] 
[INFO] --- compiler:3.14.0:testCompile (default-testCompile) @ delay-management-backend ---
[INFO] Recompiling the module because of changed source code.
[INFO] Compiling 1 source file with javac [debug parameters release 17] to target/test-classes
[INFO] 
[INFO] <<< spring-boot:3.5.6:run (default-cli) < test-compile @ delay-management-backend <<<
[INFO] 
[INFO] 
[INFO] --- spring-boot:3.5.6:run (default-cli) @ delay-management-backend ---
[INFO] Attaching agents: []

  .   ____          _            __ _ _
 /\\ / ___'_ __ _ _(_)_ __  __ _ \ \ \ \
( ( )\___ | '_ | '_| | '_ \/ _` | \ \ \ \
 \\/  ___)| |_)| | | | | || (_| |  ) ) ) )
  '  |____| .__|_| |_|_| |_\__, | / / / /
 =========|_|==============|___/=/_/_/_/

 :: Spring Boot ::                (v3.5.6)

2025-10-04T22:35:08.711+02:00  INFO 461640 --- [delay-management-backend] [           main] c.t.d.DelayManagementApplication         : Starting DelayManagementApplication using Java 17.0.16 with PID 461640 (/home/umarly-poeta/projects/HackYeah_2025/backend_serwer/passTheLine/target/classes started by umarly-poeta in /home/umarly-poeta/projects/HackYeah_2025/backend_serwer/passTheLine)
2025-10-04T22:35:08.717+02:00  INFO 461640 --- [delay-management-backend] [           main] c.t.d.DelayManagementApplication         : No active profile set, falling back to 1 default profile: "default"
2025-10-04T22:35:10.673+02:00  INFO 461640 --- [delay-management-backend] [           main] .s.d.r.c.RepositoryConfigurationDelegate : Bootstrapping Spring Data JPA repositories in DEFAULT mode.
2025-10-04T22:35:10.768+02:00  INFO 461640 --- [delay-management-backend] [           main] .s.d.r.c.RepositoryConfigurationDelegate : Finished Spring Data repository scanning in 77 ms. Found 3 JPA repository interfaces.
2025-10-04T22:35:11.832+02:00  INFO 461640 --- [delay-management-backend] [           main] o.s.b.w.embedded.tomcat.TomcatWebServer  : Tomcat initialized with port 8081 (http)
2025-10-04T22:35:11.856+02:00  INFO 461640 --- [delay-management-backend] [           main] o.apache.catalina.core.StandardService   : Starting service [Tomcat]
2025-10-04T22:35:11.856+02:00  INFO 461640 --- [delay-management-backend] [           main] o.apache.catalina.core.StandardEngine    : Starting Servlet engine: [Apache Tomcat/10.1.46]
2025-10-04T22:35:11.934+02:00  INFO 461640 --- [delay-management-backend] [           main] o.a.c.c.C.[Tomcat].[localhost].[/]       : Initializing Spring embedded WebApplicationContext
2025-10-04T22:35:11.936+02:00  INFO 461640 --- [delay-management-backend] [           main] w.s.c.ServletWebServerApplicationContext : Root WebApplicationContext: initialization completed in 3082 ms
2025-10-04T22:35:12.220+02:00  INFO 461640 --- [delay-management-backend] [           main] o.hibernate.jpa.internal.util.LogHelper  : HHH000204: Processing PersistenceUnitInfo [name: default]
2025-10-04T22:35:12.312+02:00  INFO 461640 --- [delay-management-backend] [           main] org.hibernate.Version                    : HHH000412: Hibernate ORM core version 6.6.29.Final
2025-10-04T22:35:12.385+02:00  INFO 461640 --- [delay-management-backend] [           main] o.h.c.internal.RegionFactoryInitiator    : HHH000026: Second-level cache disabled
2025-10-04T22:35:12.956+02:00  INFO 461640 --- [delay-management-backend] [           main] o.s.o.j.p.SpringPersistenceUnitInfo      : No LoadTimeWeaver setup: ignoring JPA class transformer
2025-10-04T22:35:13.013+02:00  INFO 461640 --- [delay-management-backend] [           main] com.zaxxer.hikari.HikariDataSource       : HikariPool-1 - Starting...
2025-10-04T22:35:13.381+02:00  INFO 461640 --- [delay-management-backend] [           main] com.zaxxer.hikari.pool.HikariPool        : HikariPool-1 - Added connection conn0: url=jdbc:h2:mem:testdb user=SA
2025-10-04T22:35:13.385+02:00  INFO 461640 --- [delay-management-backend] [           main] com.zaxxer.hikari.HikariDataSource       : HikariPool-1 - Start completed.
2025-10-04T22:35:13.434+02:00  WARN 461640 --- [delay-management-backend] [           main] org.hibernate.orm.deprecation            : HHH90000025: H2Dialect does not need to be specified explicitly using 'hibernate.dialect' (remove the property setting and it will be selected by default)
2025-10-04T22:35:13.477+02:00  INFO 461640 --- [delay-management-backend] [           main] org.hibernate.orm.connections.pooling    : HHH10001005: Database info:
	Database JDBC URL [Connecting through datasource 'HikariDataSource (HikariPool-1)']
	Database driver: undefined/unknown
	Database version: 2.3.232
	Autocommit mode: undefined/unknown
	Isolation level: undefined/unknown
	Minimum pool size: undefined/unknown
	Maximum pool size: undefined/unknown
2025-10-04T22:35:15.341+02:00  INFO 461640 --- [delay-management-backend] [           main] o.h.e.t.j.p.i.JtaPlatformInitiator       : HHH000489: No JTA platform available (set 'hibernate.transaction.jta.platform' to enable JTA platform integration)
2025-10-04T22:35:15.414+02:00  INFO 461640 --- [delay-management-backend] [           main] j.LocalContainerEntityManagerFactoryBean : Initialized JPA EntityManagerFactory for persistence unit 'default'
2025-10-04T22:35:16.059+02:00  WARN 461640 --- [delay-management-backend] [           main] JpaBaseConfiguration$JpaWebConfiguration : spring.jpa.open-in-view is enabled by default. Therefore, database queries may be performed during view rendering. Explicitly configure spring.jpa.open-in-view to disable this warning
2025-10-04T22:35:16.098+02:00  INFO 461640 --- [delay-management-backend] [           main] o.s.b.a.w.s.WelcomePageHandlerMapping    : Adding welcome page: class path resource [static/index.html]
2025-10-04T22:35:16.474+02:00  INFO 461640 --- [delay-management-backend] [           main] r$InitializeUserDetailsManagerConfigurer : Global AuthenticationManager configured with UserDetailsService bean with name userDetailsService
2025-10-04T22:35:16.838+02:00  INFO 461640 --- [delay-management-backend] [           main] o.s.b.a.h2.H2ConsoleAutoConfiguration    : H2 console available at '/h2-console'. Database available at 'jdbc:h2:mem:testdb'
2025-10-04T22:35:16.918+02:00  WARN 461640 --- [delay-management-backend] [           main] ion$DefaultTemplateResolverConfiguration : Cannot find template location: classpath:/templates/ (please add some templates, check your Thymeleaf configuration, or set spring.thymeleaf.check-template-location=false)
2025-10-04T22:35:17.027+02:00  INFO 461640 --- [delay-management-backend] [           main] o.s.b.w.embedded.tomcat.TomcatWebServer  : Tomcat started on port 8081 (http) with context path '/'
2025-10-04T22:35:17.051+02:00  INFO 461640 --- [delay-management-backend] [           main] c.t.d.DelayManagementApplication         : Started DelayManagementApplication in 9.31 seconds (process running for 10.021)
2025-10-04T22:36:10.711+02:00  INFO 461640 --- [delay-management-backend] [nio-8081-exec-1] o.a.c.c.C.[Tomcat].[localhost].[/]       : Initializing Spring DispatcherServlet 'dispatcherServlet'
2025-10-04T22:36:10.712+02:00  INFO 461640 --- [delay-management-backend] [nio-8081-exec-1] o.s.web.servlet.DispatcherServlet        : Initializing Servlet 'dispatcherServlet'
2025-10-04T22:36:10.716+02:00  INFO 461640 --- [delay-management-backend] [nio-8081-exec-1] o.s.web.servlet.DispatcherServlet        : Completed initialization in 4 ms
